#
# There is insufficient memory for the Java Runtime Environment to continue.
# Native memory allocation (mmap) failed to map 253755392 bytes. Error detail: G1 virtual space
# Possible reasons:
#   The system is out of physical RAM or swap space
#   This process is running with CompressedOops enabled, and the Java Heap may be blocking the growth of the native heap
# Possible solutions:
#   Reduce memory load on the system
#   Increase physical memory or swap space
#   Check if swap backing store is full
#   Decrease Java heap size (-Xmx/-Xms)
#   Decrease number of Java threads
#   Decrease Java thread stack sizes (-Xss)
#   Set larger code cache with -XX:ReservedCodeCacheSize=
#   JVM is running with Zero Based Compressed Oops mode in which the Java heap is
#     placed in the first 32GB address space. The Java Heap base address is the
#     maximum limit for the native heap growth. Please use -XX:HeapBaseMinAddress
#     to set the Java Heap base and to place the Java Heap above 32GB virtual address.
# This output file may be truncated or incomplete.
#
#  Out of Memory Error (os_windows.cpp:3898), pid=38632, tid=2388
#
# JRE version:  (21.0.7+6) (build )
# Java VM: OpenJDK 64-Bit Server VM (21.0.7+6-b1038.58, mixed mode, sharing, tiered, compressed oops, compressed class ptrs, g1 gc, windows-amd64)
# No core dump will be written. Minidumps are not enabled by default on client versions of Windows
#

---------------  S U M M A R Y ------------

Command Line: git4idea.http.GitAskPassApp Username for 'https://github.com': 

Host: AMD Ryzen AI 7 350 w/ Radeon 860M              , 16 cores, 15G,  Windows 11 , 64 bit Build 26100 (10.0.26100.6725)
Time: Fri Oct  3 10:40:36 2025 Eastern Daylight Time elapsed time: 1.576480 seconds (0d 0h 0m 1s)

---------------  T H R E A D  ---------------

Current thread (0x000002be10d77010):  JavaThread "Unknown thread" [_thread_in_vm, id=2388, stack(0x000000e1e8900000,0x000000e1e8a00000) (1024K)]

Stack: [0x000000e1e8900000,0x000000e1e8a00000]
Native frames: (J=compiled Java code, j=interpreted, Vv=VM code, C=native code)
V  [jvm.dll+0x6e7c19]
V  [jvm.dll+0x8c5f53]
V  [jvm.dll+0x8c84ae]
V  [jvm.dll+0x8c8b93]
V  [jvm.dll+0x2899e6]
V  [jvm.dll+0x6e4455]
V  [jvm.dll+0x6d7f1a]
V  [jvm.dll+0x3640db]
V  [jvm.dll+0x36bca6]
V  [jvm.dll+0x3be046]
V  [jvm.dll+0x3be318]
V  [jvm.dll+0x33681c]
V  [jvm.dll+0x33750b]
V  [jvm.dll+0x88d3b9]
V  [jvm.dll+0x3cb218]
V  [jvm.dll+0x876408]
V  [jvm.dll+0x45ff5e]
V  [jvm.dll+0x461c41]
C  [jli.dll+0x52ab]
C  [ucrtbase.dll+0x37b0]
C  [KERNEL32.DLL+0x2e8d7]
C  [ntdll.dll+0x8c53c]


---------------  P R O C E S S  ---------------

Threads class SMR info:
_java_thread_list=0x00007ff94413d188, length=0, elements={
}

Java Threads: ( => current thread )
Total: 0

Other Threads:
  0x000002be131fd370 WorkerThread "GC Thread#0"                     [id=17824, stack(0x000000e1e8a00000,0x000000e1e8b00000) (1024K)]
  0x000002be1320d3a0 ConcurrentGCThread "G1 Main Marker"            [id=38656, stack(0x000000e1e8b00000,0x000000e1e8c00000) (1024K)]
  0x000002be1320fbd0 WorkerThread "G1 Conc#0"                       [id=34728, stack(0x000000e1e8c00000,0x000000e1e8d00000) (1024K)]

[error occurred during error reporting (printing all threads), id 0xc0000005, EXCEPTION_ACCESS_VIOLATION (0xc0000005) at pc=0x00007ff9438298f7]
VM state: not at safepoint (not fully initialized)

VM Mutex/Monitor currently owned by a thread:  ([mutex/lock_event])
[0x00007ff9441b1bc8] Heap_lock - owner thread: 0x000002be10d77010

Heap address: 0x000000070fa00000, size: 3846 MB, Compressed Oops mode: Zero based, Oop shift amount: 3

CDS archive(s) mapped at: [0x0000000000000000-0x0000000000000000-0x0000000000000000), size 0, SharedBaseAddress: 0x0000000800000000, ArchiveRelocationMode: 1.
Narrow klass base: 0x0000000000000000, Narrow klass shift: 0, Narrow klass range: 0x0

GC Precious Log:
 CardTable entry size: 512
 Card Set container configuration: InlinePtr #cards 4 size 8 Array Of Cards #cards 16 size 48 Howl #buckets 8 coarsen threshold 3686 Howl Bitmap #cards 512 size 80 coarsen threshold 460 Card regions per heap region 1 cards per card region 4096

Heap:
 garbage-first heap   total 0K, used 0K [0x000000070fa00000, 0x0000000800000000)
  region size 2048K, 0 young (0K), 0 survivors (0K)
 Metaspace       used 0K, committed 0K, reserved 0K
  class space    used 0K, committed 0K, reserved 0K

Heap Regions: E=young(eden), S=young(survivor), O=old, HS=humongous(starts), HC=humongous(continues), CS=collection set, F=free, TAMS=top-at-mark-start, PB=parsable bottom

Card table byte_map: [0x000002be271f0000,0x000002be27980000] _byte_map_base: 0x000002be23973000

Marking Bits: (CMBitMap*) 0x000002be131fda70
 Bits: [0x000002be27980000, 0x000002be2b598000)

GC Heap History (0 events):
No events

Dll operation events (1 events):
Event: 0.016 Loaded shared library C:\Program Files\JetBrains\IntelliJ IDEA Community Edition 2025.2\jbr\bin\java.dll

Deoptimization events (0 events):
No events

Classes loaded (0 events):
No events

Classes unloaded (0 events):
No events

Classes redefined (0 events):
No events

Internal exceptions (0 events):
No events

ZGC Phase Switch (0 events):
No events

VM Operations (0 events):
No events

Memory protections (0 events):
No events

Nmethod flushes (0 events):
No events

Events (0 events):
No events


Dynamic libraries:
0x00007ff700570000 - 0x00007ff70057a000 	C:\Program Files\JetBrains\IntelliJ IDEA Community Edition 2025.2\jbr\bin\java.exe
0x00007ff9f76e0000 - 0x00007ff9f7948000 	C:\windows\SYSTEM32\ntdll.dll
0x00007ff9f6aa0000 - 0x00007ff9f6b69000 	C:\windows\System32\KERNEL32.DLL
0x00007ff9f4f60000 - 0x00007ff9f5352000 	C:\windows\System32\KERNELBASE.dll
0x00007ff9f5360000 - 0x00007ff9f54ab000 	C:\windows\System32\ucrtbase.dll
0x00007ff9c8190000 - 0x00007ff9c81ab000 	C:\Program Files\JetBrains\IntelliJ IDEA Community Edition 2025.2\jbr\bin\VCRUNTIME140.dll
0x00007ff9c7f20000 - 0x00007ff9c7f38000 	C:\Program Files\JetBrains\IntelliJ IDEA Community Edition 2025.2\jbr\bin\jli.dll
0x00007ff9f6b70000 - 0x00007ff9f6d35000 	C:\windows\System32\USER32.dll
0x00007ff9d4450000 - 0x00007ff9d46e3000 	C:\windows\WinSxS\amd64_microsoft.windows.common-controls_6595b64144ccf1df_6.0.26100.6725_none_3e085828e334708b\COMCTL32.dll
0x00007ff9f6750000 - 0x00007ff9f67f9000 	C:\windows\System32\msvcrt.dll
0x00007ff9f6720000 - 0x00007ff9f674b000 	C:\windows\System32\GDI32.dll
0x00007ff9f4aa0000 - 0x00007ff9f4ac7000 	C:\windows\System32\win32u.dll
0x00007ff9f4e30000 - 0x00007ff9f4f5d000 	C:\windows\System32\gdi32full.dll
0x00007ff9f4870000 - 0x00007ff9f4913000 	C:\windows\System32\msvcp_win.dll
0x00007ff9f6a60000 - 0x00007ff9f6a8f000 	C:\windows\System32\IMM32.DLL
0x00007ff9e0cd0000 - 0x00007ff9e0cdc000 	C:\Program Files\JetBrains\IntelliJ IDEA Community Edition 2025.2\jbr\bin\vcruntime140_1.dll
0x00007ff982be0000 - 0x00007ff982c6d000 	C:\Program Files\JetBrains\IntelliJ IDEA Community Edition 2025.2\jbr\bin\msvcp140.dll
0x00007ff9434e0000 - 0x00007ff9442a4000 	C:\Program Files\JetBrains\IntelliJ IDEA Community Edition 2025.2\jbr\bin\server\jvm.dll
0x00007ff9f6630000 - 0x00007ff9f66e4000 	C:\windows\System32\ADVAPI32.dll
0x00007ff9f6d40000 - 0x00007ff9f6de6000 	C:\windows\System32\sechost.dll
0x00007ff9f6df0000 - 0x00007ff9f6f08000 	C:\windows\System32\RPCRT4.dll
0x00007ff9f6f10000 - 0x00007ff9f6f84000 	C:\windows\System32\WS2_32.dll
0x00007ff9f46d0000 - 0x00007ff9f472e000 	C:\windows\SYSTEM32\POWRPROF.dll
0x00007ff9e8cf0000 - 0x00007ff9e8d25000 	C:\windows\SYSTEM32\WINMM.dll
0x00007ff9e71b0000 - 0x00007ff9e71bb000 	C:\windows\SYSTEM32\VERSION.dll
0x00007ff9f46b0000 - 0x00007ff9f46c4000 	C:\windows\SYSTEM32\UMPDC.dll
0x00007ff9f3640000 - 0x00007ff9f365b000 	C:\windows\SYSTEM32\kernel.appcore.dll
0x00007ff9ca6f0000 - 0x00007ff9ca6fa000 	C:\Program Files\JetBrains\IntelliJ IDEA Community Edition 2025.2\jbr\bin\jimage.dll
0x00007ff9f2090000 - 0x00007ff9f22d2000 	C:\windows\SYSTEM32\DBGHELP.DLL
0x00007ff9f7180000 - 0x00007ff9f74fb000 	C:\windows\System32\combase.dll
0x00007ff9f6550000 - 0x00007ff9f6627000 	C:\windows\System32\OLEAUT32.dll
0x00007ff9d11f0000 - 0x00007ff9d122c000 	C:\windows\SYSTEM32\dbgcore.DLL
0x00007ff9f4c40000 - 0x00007ff9f4cd8000 	C:\windows\System32\bcryptPrimitives.dll
0x00007ff9c7f00000 - 0x00007ff9c7f20000 	C:\Program Files\JetBrains\IntelliJ IDEA Community Edition 2025.2\jbr\bin\java.dll

dbghelp: loaded successfully - version: 4.0.5 - missing functions: none
symbol engine: initialized successfully - sym options: 0x614 - pdb path: .;C:\Program Files\JetBrains\IntelliJ IDEA Community Edition 2025.2\jbr\bin;C:\windows\SYSTEM32;C:\windows\WinSxS\amd64_microsoft.windows.common-controls_6595b64144ccf1df_6.0.26100.6725_none_3e085828e334708b;C:\Program Files\JetBrains\IntelliJ IDEA Community Edition 2025.2\jbr\bin\server

VM Arguments:
java_command: git4idea.http.GitAskPassApp Username for 'https://github.com': 
java_class_path (initial): C:/Program Files/JetBrains/IntelliJ IDEA Community Edition 2025.2/plugins/vcs-git/lib/git4idea-rt.jar;C:/Program Files/JetBrains/IntelliJ IDEA Community Edition 2025.2/lib/externalProcess-rt.jar
Launcher Type: SUN_STANDARD

[Global flags]
     intx CICompilerCount                          = 12                                        {product} {ergonomic}
     uint ConcGCThreads                            = 3                                         {product} {ergonomic}
     uint G1ConcRefinementThreads                  = 13                                        {product} {ergonomic}
   size_t G1HeapRegionSize                         = 2097152                                   {product} {ergonomic}
    uintx GCDrainStackTargetSize                   = 64                                        {product} {ergonomic}
   size_t InitialHeapSize                          = 253755392                                 {product} {ergonomic}
   size_t MarkStackSize                            = 4194304                                   {product} {ergonomic}
   size_t MaxHeapSize                              = 4032823296                                {product} {ergonomic}
   size_t MinHeapDeltaBytes                        = 2097152                                   {product} {ergonomic}
   size_t MinHeapSize                              = 8388608                                   {product} {ergonomic}
    uintx NonNMethodCodeHeapSize                   = 7602480                                {pd product} {ergonomic}
    uintx NonProfiledCodeHeapSize                  = 122027880                              {pd product} {ergonomic}
    uintx ProfiledCodeHeapSize                     = 122027880                              {pd product} {ergonomic}
    uintx ReservedCodeCacheSize                    = 251658240                              {pd product} {ergonomic}
     bool SegmentedCodeCache                       = true                                      {product} {ergonomic}
   size_t SoftMaxHeapSize                          = 4032823296                             {manageable} {ergonomic}
     bool UseCompressedOops                        = true                           {product lp64_product} {ergonomic}
     bool UseG1GC                                  = true                                      {product} {ergonomic}
     bool UseLargePagesIndividualAllocation        = false                                  {pd product} {ergonomic}

Logging:
Log output configuration:
 #0: stdout all=warning uptime,level,tags foldmultilines=false
 #1: stderr all=off uptime,level,tags foldmultilines=false

Environment Variables:
PATH=C:/Program Files/Git/mingw64/libexec/git-core;C:/Program Files/Git/mingw64/libexec/git-core;C:\Program Files\Git\mingw64\bin;C:\Program Files\Git\usr\bin;C:\Users\Layla\bin;C:\windows\system32;C:\windows;C:\windows\System32\Wbem;C:\windows\System32\WindowsPowerShell\v1.0\;C:\windows\System32\OpenSSH\;C:\Program Files (x86)\NVIDIA Corporation\PhysX\Common;C:\Program Files\NVIDIA Corporation\NVIDIA App\NvDLISR;C:\Users\Administrator\AppData\Local\Microsoft\WindowsApps;C:\Program Files\HP\OMEN-Broadcast\Common;C:\Program Files\HP\HP One Agent;C:\Program Files\Git\cmd;C:\Program Files\Java\jdk-21\bin;C:\Users\Layla\AppData\Local\Microsoft\WindowsApps;C:\Users\Layla\AppData\Local\Programs\Microsoft VS Code\bin;C:\Users\Layla\AppData\Local\GitHubDesktop\bin
USERNAME=Layla
DISPLAY=:0.0
LC_ALL=en_US.UTF-8
TERM=xterm-256color
TMPDIR=C:\Users\Layla\AppData\Local\Temp
OS=Windows_NT
PROCESSOR_IDENTIFIER=AMD64 Family 26 Model 96 Stepping 0, AuthenticAMD
TMP=C:\Users\Layla\AppData\Local\Temp
TEMP=C:\Users\Layla\AppData\Local\Temp




Periodic native trim disabled

JNI global refs:
JNI global refs: 0, weak refs: 0

JNI global refs memory usage: 0, weak refs: 0

Process memory usage:
Resident Set Size: 13016K (0% of 15749716K total physical memory with 609076K free physical memory)

OOME stack traces (most recent first):
Classloader memory used:

---------------  S Y S T E M  ---------------

OS:
 Windows 11 , 64 bit Build 26100 (10.0.26100.6725)
OS uptime: 1 days 17:29 hours
Hyper-V role detected

CPU: total 16 (initial active 16) (16 cores per cpu, 2 threads per core) family 26 model 96 stepping 0 microcode 0xb600032, cx8, cmov, fxsr, ht, mmx, 3dnowpref, sse, sse2, sse3, ssse3, sse4a, sse4.1, sse4.2, popcnt, lzcnt, tsc, tscinvbit, avx, avx2, aes, erms, clmul, bmi1, bmi2, adx, avx512f, avx512dq, avx512cd, avx512bw, avx512vl, sha, fma, vzeroupper, avx512_vpopcntdq, avx512_vpclmulqdq, avx512_vaes, avx512_vnni, clflush, clflushopt, avx512_vbmi2, avx512_vbmi, hv, rdtscp, rdpid, fsrm, gfni, avx512_bitalg, f16c, cet_ss, avx512_ifma
Processor Information for the first 16 processors :
  Max Mhz: 2000, Current Mhz: 2000, Mhz Limit: 2000

Memory: 4k page, system-wide physical 15380M (594M free)
TotalPageFile size 62484M (AvailPageFile size 130M)
current process WorkingSet (physical memory assigned to process): 12M, peak: 12M
current process commit charge ("private bytes"): 70M, peak: 312M

vm_info: OpenJDK 64-Bit Server VM (21.0.7+6-b1038.58) for windows-amd64 JRE (21.0.7+6-b1038.58), built on 2025-07-07 by "builduser" with MS VC++ 16.10 / 16.11 (VS2019)

END.
